0 info it worked if it ends with ok
1 verbose cli [ 'node', '/usr/local/bin/npm', 'install', 'package.json' ]
2 info using npm@2.5.1
3 info using node@v0.12.0
4 warn package.json Calender-TodoList@0.0.0 No README data
5 warn package.json karma-chrome-launcher@0.1.7 No README data
6 silly cache add args [ 'package.json', null ]
7 verbose cache add spec package.json
8 silly cache add parsed spec { raw: 'package.json',
8 silly cache add   scope: null,
8 silly cache add   name: null,
8 silly cache add   rawSpec: 'package.json',
8 silly cache add   spec: '/Users/andela2014/Documents/javascripting/Calender-TodoList/package.json',
8 silly cache add   type: 'local' }
9 silly addLocalTarball shasum (computed) a01f87202e1898767ff9855154e5d918f0f95e2e
10 verbose addTmpTarball /Users/andela2014/Documents/javascripting/Calender-TodoList/package.json not in flight; adding
11 verbose addTmpTarball validating metadata from /Users/andela2014/Documents/javascripting/Calender-TodoList/package.json
12 verbose tar unpack /Users/andela2014/Documents/javascripting/Calender-TodoList/package.json
13 verbose tar unpacking to /var/folders/1r/k2nxp3757bs8ttq_fkp14z880000gp/T/npm-7191-5772bbef/unpack-74c6ca1e6afe
14 verbose gentlyRm vacuuming /var/folders/1r/k2nxp3757bs8ttq_fkp14z880000gp/T/npm-7191-5772bbef/unpack-74c6ca1e6afe
15 silly gunzTarPerm modes [ '755', '644' ]
16 error not a package /Users/andela2014/Documents/javascripting/Calender-TodoList/package.json
17 error addLocal Could not install /Users/andela2014/Documents/javascripting/Calender-TodoList/package.json
18 verbose stack Error: ENOENT, open '/var/folders/1r/k2nxp3757bs8ttq_fkp14z880000gp/T/npm-7191-5772bbef/unpack-74c6ca1e6afe/package.json'
18 verbose stack     at Error (native)
19 verbose cwd /Users/andela2014/Documents/javascripting/Calender-TodoList
20 error Darwin 13.4.0
21 error argv "node" "/usr/local/bin/npm" "install" "package.json"
22 error node v0.12.0
23 error npm  v2.5.1
24 error path /var/folders/1r/k2nxp3757bs8ttq_fkp14z880000gp/T/npm-7191-5772bbef/unpack-74c6ca1e6afe/package.json
25 error code ENOENT
26 error errno -2
27 error enoent ENOENT, open '/var/folders/1r/k2nxp3757bs8ttq_fkp14z880000gp/T/npm-7191-5772bbef/unpack-74c6ca1e6afe/package.json'
27 error enoent This is most likely not a problem with npm itself
27 error enoent and is related to npm not being able to find a file.
28 verbose exit [ -2, true ]
